c:\users\fujii\sync\projects\serialclientnet_for_ptu-d46\serialconnector\debug\serialconnector.pch
c:\users\fujii\sync\projects\serialclientnet_for_ptu-d46\serialconnector\debug\vc120.pdb
c:\users\fujii\sync\projects\serialclientnet_for_ptu-d46\serialconnector\debug\stdafx.obj
c:\users\fujii\sync\projects\serialclientnet_for_ptu-d46\serialconnector\debug\serialconnector.obj
c:\users\fujii\sync\projects\serialclientnet_for_ptu-d46\serialconnector\debug\assemblyinfo.obj
c:\users\fujii\sync\projects\serialclientnet_for_ptu-d46\serialconnector\debug\.netframework,version=v4.5.assemblyattributes.obj
c:\users\fujii\sync\projects\serialclientnet_for_ptu-d46\debug\serialconnector.dll
c:\users\fujii\sync\projects\serialclientnet_for_ptu-d46\debug\serialconnector.pdb
c:\users\fujii\sync\projects\serialclientnet_for_ptu-d46\serialconnector\debug\app.res
c:\users\yamak\documents\laboratory\serialclientnet_for_ptu-d46-20191223t123320z-001\serialclientnet_for_ptu-d46\serialconnector\debug\serialconnector.vcxprojassemblyreference.cache
c:\users\yamak\documents\laboratory\serialclientnet_for_ptu-d46-20191223t123320z-001\serialclientnet_for_ptu-d46\serialconnector\debug\serialconnector.vcxprojresolveassemblyreference.cache
c:\users\yamak\documents\laboratory\serialclientnet_for_ptu-d46-20191223t123320z-001\serialclientnet_for_ptu-d46\serialconnector\debug\assemblyinfo.obj
c:\users\yamak\documents\laboratory\serialclientnet_for_ptu-d46-20191223t123320z-001\serialclientnet_for_ptu-d46\serialconnector\debug\serialconnector.obj
c:\users\yamak\documents\laboratory\serialclientnet_for_ptu-d46-20191223t123320z-001\serialclientnet_for_ptu-d46\serialconnector\debug\stdafx.obj
c:\users\yamak\documents\laboratory\serialclientnet_for_ptu-d46-20191223t123320z-001\serialclientnet_for_ptu-d46\serialconnector\debug\_netframework,version=v4.5.assemblyattributes.obj
c:\users\yamak\documents\laboratory\serialclientnet_for_ptu-d46-20191223t123320z-001\serialclientnet_for_ptu-d46\serialconnector\debug\app.res
c:\users\yamak\documents\laboratory\serialclientnet_for_ptu-d46-20191223t123320z-001\serialclientnet_for_ptu-d46\serialconnector\debug\serialconnector.pch
c:\users\yamak\documents\laboratory\serialclientnet_for_ptu-d46-20191223t123320z-001\serialclientnet_for_ptu-d46\serialconnector\debug\vc120.pdb
c:\users\yamak\documents\laboratory\serialclientnet_for_ptu-d46-20191223t123320z-001\serialclientnet_for_ptu-d46\debug\serialconnector.pdb
c:\users\yamak\documents\laboratory\serialclientnet_for_ptu-d46-20191223t123320z-001\serialclientnet_for_ptu-d46\debug\serialconnector.dll
c:\users\yamak\documents\laboratory\serialclientnet_for_ptu-d46-20191223t123320z-001\serialclientnet_for_ptu-d46\serialconnector\debug\serialconnector.tlog\cl.command.1.tlog
c:\users\yamak\documents\laboratory\serialclientnet_for_ptu-d46-20191223t123320z-001\serialclientnet_for_ptu-d46\serialconnector\debug\serialconnector.tlog\cl.read.1.tlog
c:\users\yamak\documents\laboratory\serialclientnet_for_ptu-d46-20191223t123320z-001\serialclientnet_for_ptu-d46\serialconnector\debug\serialconnector.tlog\cl.write.1.tlog
c:\users\yamak\documents\laboratory\serialclientnet_for_ptu-d46-20191223t123320z-001\serialclientnet_for_ptu-d46\serialconnector\debug\serialconnector.tlog\link.command.1.tlog
c:\users\yamak\documents\laboratory\serialclientnet_for_ptu-d46-20191223t123320z-001\serialclientnet_for_ptu-d46\serialconnector\debug\serialconnector.tlog\link.read.1.tlog
c:\users\yamak\documents\laboratory\serialclientnet_for_ptu-d46-20191223t123320z-001\serialclientnet_for_ptu-d46\serialconnector\debug\serialconnector.tlog\link.write.1.tlog
c:\users\yamak\documents\laboratory\serialclientnet_for_ptu-d46-20191223t123320z-001\serialclientnet_for_ptu-d46\serialconnector\debug\serialconnector.tlog\metagen.read.1.tlog
c:\users\yamak\documents\laboratory\serialclientnet_for_ptu-d46-20191223t123320z-001\serialclientnet_for_ptu-d46\serialconnector\debug\serialconnector.tlog\metagen.write.1.tlog
c:\users\yamak\documents\laboratory\serialclientnet_for_ptu-d46-20191223t123320z-001\serialclientnet_for_ptu-d46\serialconnector\debug\serialconnector.tlog\rc.command.1.tlog
c:\users\yamak\documents\laboratory\serialclientnet_for_ptu-d46-20191223t123320z-001\serialclientnet_for_ptu-d46\serialconnector\debug\serialconnector.tlog\rc.read.1.tlog
c:\users\yamak\documents\laboratory\serialclientnet_for_ptu-d46-20191223t123320z-001\serialclientnet_for_ptu-d46\serialconnector\debug\serialconnector.tlog\rc.write.1.tlog
c:\users\yamak\documents\laboratory\serialclientnet_for_ptu-d46-20191223t123320z-001\serialclientnet_for_ptu-d46\serialconnector\debug\serialconnector.tlog\tzres.dll.bi
