c:\users\yamak\documents\laboratory\serialclientnet_for_ptu-d46-20191223t123320z-001\serialclientnet_for_ptu-d46\serialconnector\bin\x86\release\serialconnector.pch
c:\users\yamak\documents\laboratory\serialclientnet_for_ptu-d46-20191223t123320z-001\serialclientnet_for_ptu-d46\serialconnector\bin\x86\release\vc141.pdb
c:\users\yamak\documents\laboratory\serialclientnet_for_ptu-d46-20191223t123320z-001\serialclientnet_for_ptu-d46\serialconnector\bin\x86\release\stdafx.obj
c:\users\yamak\documents\laboratory\serialclientnet_for_ptu-d46-20191223t123320z-001\serialclientnet_for_ptu-d46\serialconnector\bin\x86\release\serialconnector.obj
c:\users\yamak\documents\laboratory\serialclientnet_for_ptu-d46-20191223t123320z-001\serialclientnet_for_ptu-d46\serialconnector\bin\x86\release\assemblyinfo.obj
c:\users\yamak\documents\laboratory\serialclientnet_for_ptu-d46-20191223t123320z-001\serialclientnet_for_ptu-d46\serialconnector\bin\x86\release\.netframework,version=v4.5.assemblyattributes.obj
c:\users\yamak\documents\laboratory\serialclientnet_for_ptu-d46-20191223t123320z-001\serialclientnet_for_ptu-d46\serialconnector\bin\x86\release\.netframework,version=v4.5.assemblyattributes.asm
c:\users\yamak\documents\laboratory\serialclientnet_for_ptu-d46-20191223t123320z-001\serialclientnet_for_ptu-d46\serialconnector\bin\x86\release\serialconnector.dll
c:\users\yamak\documents\laboratory\serialclientnet_for_ptu-d46-20191223t123320z-001\serialclientnet_for_ptu-d46\serialconnector\bin\x86\release\serialconnector.pdb
c:\users\yamak\documents\laboratory\serialclientnet_for_ptu-d46-20191223t123320z-001\serialclientnet_for_ptu-d46\serialconnector\bin\x86\release\app.res
c:\users\yamak\documents\laboratory\serialclientnet_for_ptu-d46-20191223t123320z-001\serialclientnet_for_ptu-d46\serialconnector\bin\x86\release\serialconnector.dll.metagen
c:\users\yamak\documents\laboratory\serialclientnet_for_ptu-d46-20191223t123320z-001\serialclientnet_for_ptu-d46\serialconnector\bin\x86\release\serialconnector.tlog\cl.command.1.tlog
c:\users\yamak\documents\laboratory\serialclientnet_for_ptu-d46-20191223t123320z-001\serialclientnet_for_ptu-d46\serialconnector\bin\x86\release\serialconnector.tlog\cl.read.1.tlog
c:\users\yamak\documents\laboratory\serialclientnet_for_ptu-d46-20191223t123320z-001\serialclientnet_for_ptu-d46\serialconnector\bin\x86\release\serialconnector.tlog\cl.write.1.tlog
c:\users\yamak\documents\laboratory\serialclientnet_for_ptu-d46-20191223t123320z-001\serialclientnet_for_ptu-d46\serialconnector\bin\x86\release\serialconnector.tlog\link.command.1.tlog
c:\users\yamak\documents\laboratory\serialclientnet_for_ptu-d46-20191223t123320z-001\serialclientnet_for_ptu-d46\serialconnector\bin\x86\release\serialconnector.tlog\link.read.1.tlog
c:\users\yamak\documents\laboratory\serialclientnet_for_ptu-d46-20191223t123320z-001\serialclientnet_for_ptu-d46\serialconnector\bin\x86\release\serialconnector.tlog\link.write.1.tlog
c:\users\yamak\documents\laboratory\serialclientnet_for_ptu-d46-20191223t123320z-001\serialclientnet_for_ptu-d46\serialconnector\bin\x86\release\serialconnector.tlog\metagen.read.1.tlog
c:\users\yamak\documents\laboratory\serialclientnet_for_ptu-d46-20191223t123320z-001\serialclientnet_for_ptu-d46\serialconnector\bin\x86\release\serialconnector.tlog\metagen.write.1.tlog
c:\users\yamak\documents\laboratory\serialclientnet_for_ptu-d46-20191223t123320z-001\serialclientnet_for_ptu-d46\serialconnector\bin\x86\release\serialconnector.tlog\rc.command.1.tlog
c:\users\yamak\documents\laboratory\serialclientnet_for_ptu-d46-20191223t123320z-001\serialclientnet_for_ptu-d46\serialconnector\bin\x86\release\serialconnector.tlog\rc.read.1.tlog
c:\users\yamak\documents\laboratory\serialclientnet_for_ptu-d46-20191223t123320z-001\serialclientnet_for_ptu-d46\serialconnector\bin\x86\release\serialconnector.tlog\rc.write.1.tlog
