c:\users\fujii\sync\projects\serialclientnet_for_ptu-d46\serialclientnet\debug\vc120.pdb
c:\users\fujii\sync\projects\serialclientnet_for_ptu-d46\serialclientnet\debug\.netframework,version=v4.5.assemblyattributes.obj
c:\users\fujii\sync\projects\serialclientnet_for_ptu-d46\serialclientnet\debug\mainform.obj
c:\users\fujii\sync\projects\serialclientnet_for_ptu-d46\serialclientnet\debug\main.obj
c:\users\fujii\sync\projects\serialclientnet_for_ptu-d46\debug\serialclientnet.exe
c:\users\fujii\sync\projects\serialclientnet_for_ptu-d46\debug\serialclientnet.pdb
c:\users\fujii\sync\projects\serialclientnet_for_ptu-d46\serialclientnet\debug\serialclientnet.mainform.resources
c:\users\yamak\documents\laboratory\serialclientnet_for_ptu-d46-20191223t123320z-001\serialclientnet_for_ptu-d46\serialclientnet\debug\serialclientnet.vcxproj.generateresource.cache
c:\users\yamak\documents\laboratory\serialclientnet_for_ptu-d46-20191223t123320z-001\serialclientnet_for_ptu-d46\serialclientnet\debug\serialclientnet.vcxprojassemblyreference.cache
c:\users\yamak\documents\laboratory\serialclientnet_for_ptu-d46-20191223t123320z-001\serialclientnet_for_ptu-d46\serialclientnet\debug\serialclientnet.vcxprojresolveassemblyreference.cache
c:\users\yamak\documents\laboratory\serialclientnet_for_ptu-d46-20191223t123320z-001\serialclientnet_for_ptu-d46\serialclientnet\debug\main.obj
c:\users\yamak\documents\laboratory\serialclientnet_for_ptu-d46-20191223t123320z-001\serialclientnet_for_ptu-d46\serialclientnet\debug\mainform.obj
c:\users\yamak\documents\laboratory\serialclientnet_for_ptu-d46-20191223t123320z-001\serialclientnet_for_ptu-d46\serialclientnet\debug\_netframework,version=v4.5.assemblyattributes.obj
c:\users\yamak\documents\laboratory\serialclientnet_for_ptu-d46-20191223t123320z-001\serialclientnet_for_ptu-d46\serialclientnet\debug\serialclientnet.mainform.resources
c:\users\yamak\documents\laboratory\serialclientnet_for_ptu-d46-20191223t123320z-001\serialclientnet_for_ptu-d46\serialclientnet\debug\vc120.pdb
c:\users\yamak\documents\laboratory\serialclientnet_for_ptu-d46-20191223t123320z-001\serialclientnet_for_ptu-d46\debug\serialclientnet.pdb
c:\users\yamak\documents\laboratory\serialclientnet_for_ptu-d46-20191223t123320z-001\serialclientnet_for_ptu-d46\debug\serialclientnet.exe
c:\users\yamak\documents\laboratory\serialclientnet_for_ptu-d46-20191223t123320z-001\serialclientnet_for_ptu-d46\serialclientnet\debug\serialclientnet.tlog\cl.command.1.tlog
c:\users\yamak\documents\laboratory\serialclientnet_for_ptu-d46-20191223t123320z-001\serialclientnet_for_ptu-d46\serialclientnet\debug\serialclientnet.tlog\cl.read.1.tlog
c:\users\yamak\documents\laboratory\serialclientnet_for_ptu-d46-20191223t123320z-001\serialclientnet_for_ptu-d46\serialclientnet\debug\serialclientnet.tlog\cl.write.1.tlog
c:\users\yamak\documents\laboratory\serialclientnet_for_ptu-d46-20191223t123320z-001\serialclientnet_for_ptu-d46\serialclientnet\debug\serialclientnet.tlog\link.command.1.tlog
c:\users\yamak\documents\laboratory\serialclientnet_for_ptu-d46-20191223t123320z-001\serialclientnet_for_ptu-d46\serialclientnet\debug\serialclientnet.tlog\link.read.1.tlog
c:\users\yamak\documents\laboratory\serialclientnet_for_ptu-d46-20191223t123320z-001\serialclientnet_for_ptu-d46\serialclientnet\debug\serialclientnet.tlog\link.write.1.tlog
c:\users\yamak\documents\laboratory\serialclientnet_for_ptu-d46-20191223t123320z-001\serialclientnet_for_ptu-d46\serialclientnet\debug\serialclientnet.tlog\metagen.read.1.tlog
c:\users\yamak\documents\laboratory\serialclientnet_for_ptu-d46-20191223t123320z-001\serialclientnet_for_ptu-d46\serialclientnet\debug\serialclientnet.tlog\metagen.write.1.tlog
c:\users\yamak\documents\laboratory\serialclientnet_for_ptu-d46-20191223t123320z-001\serialclientnet_for_ptu-d46\serialclientnet\debug\serialclientnet.tlog\serialclientnet.write.1u.tlog
c:\users\yamak\documents\laboratory\serialclientnet_for_ptu-d46-20191223t123320z-001\serialclientnet_for_ptu-d46\serialclientnet\debug\serialclientnet.tlog\tzres.dll.bi
