c:\users\yamak\documents\laboratory\serialclientnet_for_ptu-d46-20191223t123320z-001\serialclientnet_for_ptu-d46\serialclientnet\tmp\x86\release\vc141.pdb
c:\users\yamak\documents\laboratory\serialclientnet_for_ptu-d46-20191223t123320z-001\serialclientnet_for_ptu-d46\serialclientnet\tmp\x86\release\mainform.obj
c:\users\yamak\documents\laboratory\serialclientnet_for_ptu-d46-20191223t123320z-001\serialclientnet_for_ptu-d46\serialclientnet\tmp\x86\release\main.obj
c:\users\yamak\documents\laboratory\serialclientnet_for_ptu-d46-20191223t123320z-001\serialclientnet_for_ptu-d46\serialclientnet\tmp\x86\release\.netframework,version=v4.5.assemblyattributes.obj
c:\users\yamak\documents\laboratory\serialclientnet_for_ptu-d46-20191223t123320z-001\serialclientnet_for_ptu-d46\serialclientnet\tmp\x86\release\.netframework,version=v4.5.assemblyattributes.asm
c:\users\yamak\documents\laboratory\serialclientnet_for_ptu-d46-20191223t123320z-001\serialclientnet_for_ptu-d46\serialclientnet\bin\x86\release\serialclientnet.exe
c:\users\yamak\documents\laboratory\serialclientnet_for_ptu-d46-20191223t123320z-001\serialclientnet_for_ptu-d46\serialclientnet\bin\x86\release\serialclientnet.pdb
c:\users\yamak\documents\laboratory\serialclientnet_for_ptu-d46-20191223t123320z-001\serialclientnet_for_ptu-d46\serialclientnet\bin\x86\release\serialconnector.dll
c:\users\yamak\documents\laboratory\serialclientnet_for_ptu-d46-20191223t123320z-001\serialclientnet_for_ptu-d46\serialclientnet\bin\x86\release\serialconnector.pdb
c:\users\yamak\documents\laboratory\serialclientnet_for_ptu-d46-20191223t123320z-001\serialclientnet_for_ptu-d46\serialclientnet\tmp\x86\release\serialclientnet.mainform.resources
c:\users\yamak\documents\laboratory\serialclientnet_for_ptu-d46-20191223t123320z-001\serialclientnet_for_ptu-d46\serialclientnet\tmp\x86\release\serialclientnet.vcxproj.generateresource.cache
c:\users\yamak\documents\laboratory\serialclientnet_for_ptu-d46-20191223t123320z-001\serialclientnet_for_ptu-d46\serialclientnet\tmp\x86\release\serialclientnet.vcxprojassemblyreference.cache
c:\users\yamak\documents\laboratory\serialclientnet_for_ptu-d46-20191223t123320z-001\serialclientnet_for_ptu-d46\serialclientnet\tmp\x86\release\serialclientnet.tlog\cl.command.1.tlog
c:\users\yamak\documents\laboratory\serialclientnet_for_ptu-d46-20191223t123320z-001\serialclientnet_for_ptu-d46\serialclientnet\tmp\x86\release\serialclientnet.tlog\cl.read.1.tlog
c:\users\yamak\documents\laboratory\serialclientnet_for_ptu-d46-20191223t123320z-001\serialclientnet_for_ptu-d46\serialclientnet\tmp\x86\release\serialclientnet.tlog\cl.write.1.tlog
c:\users\yamak\documents\laboratory\serialclientnet_for_ptu-d46-20191223t123320z-001\serialclientnet_for_ptu-d46\serialclientnet\tmp\x86\release\serialclientnet.tlog\link.command.1.tlog
c:\users\yamak\documents\laboratory\serialclientnet_for_ptu-d46-20191223t123320z-001\serialclientnet_for_ptu-d46\serialclientnet\tmp\x86\release\serialclientnet.tlog\link.read.1.tlog
c:\users\yamak\documents\laboratory\serialclientnet_for_ptu-d46-20191223t123320z-001\serialclientnet_for_ptu-d46\serialclientnet\tmp\x86\release\serialclientnet.tlog\link.write.1.tlog
c:\users\yamak\documents\laboratory\serialclientnet_for_ptu-d46-20191223t123320z-001\serialclientnet_for_ptu-d46\serialclientnet\tmp\x86\release\serialclientnet.tlog\metagen.read.1.tlog
c:\users\yamak\documents\laboratory\serialclientnet_for_ptu-d46-20191223t123320z-001\serialclientnet_for_ptu-d46\serialclientnet\tmp\x86\release\serialclientnet.tlog\metagen.write.1.tlog
c:\users\yamak\documents\laboratory\serialclientnet_for_ptu-d46-20191223t123320z-001\serialclientnet_for_ptu-d46\serialclientnet\tmp\x86\release\serialclientnet.tlog\serialclientnet.write.1u.tlog
